#ctau nb_ev_ 0_decay nb_evt_1_decay nb_evt_2_decay
0 0 0 0
0.2 0 0 0
0.4 0 0 0
0.6 0 0 0
0.8 0 0 0
1 0 0 0
1.2 0 0 0
1.4 0 0 0
1.6 0 0 0
1.8 0 0 0
2 0 0 0
2.2 0 0 0
2.4 0 0 0
2.6 0 0 0
2.8 0 0 0
3 0 0 0
3.2 0 0 0
3.4 0 0 0
3.6 0 0 0
3.8 0 0 0
4 0 0 0
4.2 0 0 0
4.4 0 0 0
4.6 0 0 0
4.8 0 1 0
5 0 0 0
5.2 1 1 1
5.4 0 0 0
5.6 0 1 0
5.8 0 0 0
6 0 1 0
6.2 0 0 0
6.4 0 0 0
6.6 0 2 0
6.8 2 1 0
7 0 1 0
7.2 0 0 0
7.4 1 2 0
7.6 1 4 0
7.8 0 0 0
8 0 0 0
8.2 1 2 0
8.4 2 1 1
8.6 2 1 0
8.8 3 1 1
9 2 4 2
9.2 1 0 0
9.4 1 3 0
9.6 1 3 0
9.8 2 3 0
10 0 0 0
10.2 3 2 1
10.4 0 0 0
10.6 2 2 0
10.8 5 4 0
11 4 3 2
11.2 6 1 0
11.4 1 5 0
11.6 6 6 1
11.8 2 5 1
12 2 5 1
12.2 3 1 0
12.4 4 1 0
12.6 0 4 0
12.8 3 2 1
13 2 3 0
13.2 3 3 1
13.4 4 6 2
13.6 7 6 3
13.8 9 5 1
14 4 6 1
14.2 2 3 1
14.4 3 3 0
14.6 3 4 0
14.8 7 10 1
15 3 2 0
15.2 4 4 0
15.4 2 8 1
15.6 6 3 1
15.8 4 5 0
16 5 6 4
16.2 6 6 2
16.4 10 4 3
16.6 11 6 2
16.8 4 6 1
17 6 3 0
17.2 3 7 0
17.4 6 5 0
17.6 7 8 1
17.8 5 2 0
18 4 1 0
18.2 5 6 0
18.4 6 5 0
18.6 8 10 1
18.8 5 7 1
19 7 6 2
19.2 9 8 0
19.4 7 7 0
19.6 5 13 1
19.8 9 5 1
20 7 9 0
20.2 11 14 4
20.4 6 4 1
20.6 14 8 3
20.8 6 9 1
21 11 10 2
21.2 10 10 0
21.4 8 8 1
21.6 17 5 1
21.8 10 9 2
22 9 10 2
22.2 6 4 2
22.4 8 6 2
22.6 4 4 1
22.8 6 8 0
23 7 8 2
23.2 10 7 1
23.4 12 5 1
23.6 13 9 2
23.8 12 10 2
24 6 8 1
24.2 11 11 2
24.4 8 11 2
24.6 7 7 3
24.8 6 12 0
25 11 5 1
25.2 9 11 2
25.4 12 6 1
25.6 9 7 0
25.8 7 9 1
26 7 6 2
26.2 6 7 0
26.4 4 7 0
26.6 6 4 0
26.8 6 8 1
27 5 8 0
27.2 11 10 1
27.4 11 10 0
27.6 8 16 3
27.8 6 12 1
28 6 14 0
28.2 8 8 2
28.4 9 13 3
28.6 1 7 0
28.8 8 11 2
29 11 12 1
29.2 18 7 3
29.4 11 9 3
29.6 17 12 1
29.8 9 9 3
30 15 12 3
30.2 10 11 1
30.4 11 6 1
30.6 8 14 3
30.8 10 14 2
31 8 9 2
31.2 12 5 1
31.4 10 12 3
31.6 11 8 1
31.8 15 7 2
32 16 14 4
32.2 6 9 0
32.4 10 9 0
32.6 14 7 2
32.8 16 15 3
33 17 10 2
33.2 13 7 2
33.4 3 9 1
33.6 16 8 4
33.8 8 13 1
34 7 5 1
34.2 9 10 0
34.4 15 10 2
34.6 14 16 3
34.8 17 16 4
35 15 21 4
35.2 16 11 3
35.4 7 14 2
35.6 9 11 3
35.8 13 10 3
36 13 12 2
36.2 9 9 1
36.4 8 11 2
36.6 13 8 2
36.8 11 9 2
37 14 9 0
37.2 13 13 4
37.4 15 9 2
37.6 13 7 0
37.8 15 11 2
38 10 12 0
38.2 12 15 1
38.4 14 14 5
38.6 11 11 3
38.8 13 16 4
39 9 8 2
39.2 9 12 4
39.4 9 7 0
39.6 17 11 3
39.8 13 6 0
40 11 14 2
40.2 12 16 0
40.4 11 11 2
40.6 12 13 1
40.8 12 8 1
41 15 10 2
41.2 7 14 1
41.4 8 9 0
41.6 12 10 1
41.8 8 14 0
42 11 13 2
42.2 11 4 2
42.4 13 13 1
42.6 10 8 1
42.8 10 11 1
43 16 17 1
43.2 11 13 0
43.4 14 9 3
43.6 14 8 1
43.8 14 7 2
44 11 10 1
44.2 10 14 4
44.4 15 9 0
44.6 13 8 0
44.8 11 10 0
45 12 15 3
45.2 14 9 1
45.4 12 11 0
45.6 8 10 0
45.8 13 17 2
46 12 10 1
46.2 14 10 0
46.4 12 14 3
46.6 20 13 2
46.8 11 13 2
47 14 14 4
47.2 20 11 2
47.4 14 14 3
47.6 13 16 2
47.8 9 15 4
48 11 4 1
48.2 13 18 4
48.4 5 18 2
48.6 14 14 2
48.8 9 8 1
49 12 8 1
49.2 13 11 1
49.4 13 16 1
49.6 7 10 1
49.8 8 12 2
50 11 12 1
50.2 5 12 1
50.4 11 10 3
50.6 18 13 2
50.8 15 11 1
51 13 12 3
51.2 11 12 1
51.4 13 6 2
51.6 9 13 1
51.8 20 20 3
52 18 20 4
52.2 14 9 1
52.4 14 18 2
52.6 14 15 2
52.8 7 7 0
53 5 11 0
53.2 8 9 1
53.4 12 16 1
53.6 11 14 0
53.8 7 11 1
54 9 10 2
54.2 18 9 1
54.4 14 14 2
54.6 17 9 2
54.8 8 13 0
55 11 11 2
55.2 14 16 4
55.4 11 16 3
55.6 10 18 2
55.8 13 11 1
56 19 19 5
56.2 8 13 0
56.4 14 11 1
56.6 15 10 2
56.8 14 16 2
57 12 12 2
57.2 8 10 0
57.4 19 16 4
57.6 7 17 3
57.8 11 10 1
58 13 17 4
58.2 9 6 1
58.4 6 9 0
58.6 10 17 3
58.8 13 18 2
59 12 16 2
59.2 11 12 1
59.4 11 11 2
59.6 14 13 2
59.8 13 21 3
60 19 9 1
60.2 12 11 1
60.4 9 8 2
60.6 10 16 2
60.8 9 7 0
61 9 14 3
61.2 11 14 0
61.4 5 7 0
61.6 11 13 1
61.8 13 16 2
62 12 8 2
62.2 14 11 2
62.4 14 14 2
62.6 16 11 3
62.8 17 18 1
63 20 21 6
63.2 9 17 3
63.4 13 9 2
63.6 6 13 1
63.8 10 11 3
64 15 7 2
64.2 7 9 1
64.4 7 6 1
64.6 7 7 0
64.8 12 14 1
65 12 9 1
65.2 6 10 0
65.4 9 19 1
65.6 11 12 1
65.8 7 14 1
66 13 12 2
66.2 5 9 0
66.4 13 19 1
66.6 12 15 4
66.8 9 11 1
67 22 9 2
67.2 16 14 2
67.4 7 15 1
67.6 11 12 1
67.8 13 10 2
68 12 14 3
68.2 7 10 2
68.4 17 6 1
68.6 12 12 1
68.8 10 22 1
69 8 14 1
69.2 13 8 1
69.4 7 12 1
69.6 14 12 2
69.8 11 18 4
70 10 13 1
70.2 13 8 1
70.4 11 12 3
70.6 10 13 2
70.8 10 8 2
71 20 18 5
71.2 7 12 2
71.4 8 12 0
71.6 13 10 2
71.8 14 17 4
72 9 7 1
72.2 13 12 2
72.4 7 13 0
72.6 8 10 2
72.8 10 11 0
73 11 19 5
73.2 10 5 1
73.4 17 12 3
73.6 12 11 3
73.8 10 19 1
74 11 12 1
74.2 11 13 1
74.4 13 12 4
74.6 15 12 1
74.8 5 14 1
75 5 15 1
75.2 11 11 2
75.4 13 12 3
75.6 6 10 0
75.8 9 12 2
76 12 21 8
76.2 16 12 5
76.4 15 14 4
76.6 10 11 1
76.8 10 16 1
77 9 10 2
77.2 12 15 1
77.4 8 10 1
77.6 9 14 1
77.8 7 11 1
78 13 14 1
78.2 9 6 0
78.4 11 15 1
78.6 10 9 1
78.8 12 12 1
79 9 11 2
79.2 12 9 1
79.4 11 11 1
79.6 7 13 1
79.8 7 9 3
80 7 12 1
80.2 10 10 1
80.4 11 9 1
80.6 11 18 4
80.8 13 11 3
81 14 20 1
81.2 12 17 2
81.4 10 15 0
81.6 14 15 1
81.8 11 10 2
82 12 16 1
82.2 16 15 2
82.4 6 9 0
82.6 9 10 3
82.8 14 11 2
83 14 15 3
83.2 10 16 0
83.4 8 9 0
83.6 9 14 0
83.8 10 10 3
84 8 13 0
84.2 8 15 0
84.4 8 13 1
84.6 12 11 2
84.8 7 10 0
85 12 18 3
85.2 15 17 1
85.4 11 11 0
85.6 11 14 3
85.8 10 17 1
86 9 10 1
86.2 6 10 1
86.4 7 13 2
86.6 12 19 3
86.8 15 11 2
87 10 15 2
87.2 9 14 2
87.4 10 11 3
87.6 15 11 5
87.8 11 15 4
88 10 18 2
88.2 12 8 1
88.4 7 11 1
88.6 8 14 0
88.8 13 11 3
89 16 12 4
89.2 9 11 0
89.4 5 6 1
89.6 8 14 1
89.8 3 9 0
90 12 16 3
90.2 12 14 0
90.4 11 13 2
90.6 12 12 1
90.8 11 11 1
91 8 15 2
91.2 8 16 2
91.4 9 10 2
91.6 8 9 0
91.8 16 11 2
92 25 14 4
92.2 9 10 1
92.4 8 11 3
92.6 12 15 2
92.8 12 16 1
93 11 12 2
93.2 16 11 2
93.4 12 19 2
93.6 11 15 0
93.8 9 9 1
94 12 14 4
94.2 8 6 0
94.4 6 7 1
94.6 8 10 1
94.8 12 9 2
95 15 16 2
95.2 9 11 2
95.4 8 13 1
95.6 8 18 3
95.8 10 8 1
96 11 11 2
96.2 10 10 1
96.4 11 8 2
96.6 13 15 2
96.8 16 9 1
97 13 6 2
97.2 11 14 2
97.4 8 10 0
97.6 10 10 1
97.8 10 13 2
98 6 7 0
98.2 11 13 1
98.4 9 18 4
98.6 7 10 1
98.8 14 9 1
99 11 8 2
99.2 9 17 1
99.4 12 7 1
99.6 11 10 1
99.8 4 10 1
100 7 8 1
100.2 10 9 0
100.4 9 7 1
100.6 14 20 3
100.8 10 14 0
101 12 9 2
101.2 17 11 3
101.4 9 12 3
101.6 9 11 1
101.8 8 11 0
102 11 9 2
102.2 14 14 5
102.4 7 11 2
102.6 6 11 2
102.8 8 15 3
103 16 6 2
103.2 11 11 1
103.4 17 11 1
103.6 11 9 2
103.8 13 12 3
104 10 13 1
104.2 5 10 0
104.4 15 10 2
104.6 10 14 1
104.8 10 10 0
105 10 14 1
105.2 12 16 2
105.4 7 12 1
105.6 14 9 0
105.8 9 7 1
106 13 6 0
106.2 15 7 1
106.4 16 15 5
106.6 16 11 2
106.8 15 11 3
107 5 9 1
107.2 8 10 2
107.4 10 11 0
107.6 10 10 0
107.8 7 10 2
108 11 10 2
108.2 13 16 3
108.4 16 14 5
108.6 12 10 2
108.8 8 13 2
109 9 11 1
109.2 10 15 1
109.4 12 10 1
109.6 9 15 3
109.8 11 13 1
110 18 9 3
110.2 9 13 1
110.4 11 10 2
110.6 7 15 0
110.8 6 7 2
111 14 15 1
111.2 13 10 1
111.4 10 9 2
111.6 13 13 4
111.8 12 8 0
112 8 13 1
112.2 14 12 5
112.4 11 13 2
112.6 10 10 0
112.8 11 14 0
113 12 9 1
113.2 9 5 0
113.4 15 14 3
113.6 11 8 1
113.8 11 12 3
114 7 13 1
114.2 7 14 1
114.4 5 10 1
114.6 11 12 3
114.8 7 13 0
115 13 14 3
115.2 8 12 0
115.4 13 7 3
115.6 3 13 0
115.8 10 9 3
116 11 11 3
116.2 8 8 0
116.4 13 12 1
116.6 10 8 1
116.8 8 8 1
117 8 9 2
117.2 6 8 2
117.4 6 9 2
117.6 15 8 2
117.8 11 5 1
118 7 10 3
118.2 10 9 2
118.4 12 11 3
118.6 8 10 0
118.8 8 9 1
119 23 14 5
119.2 14 11 1
119.4 12 9 1
119.6 6 11 1
119.8 12 14 1
120 6 9 0
120.2 6 11 0
120.4 11 15 1
120.6 11 10 1
120.8 12 15 3
121 11 20 4
121.2 11 10 3
121.4 8 18 2
121.6 10 11 2
121.8 13 8 2
122 7 4 0
122.2 14 7 3
122.4 17 12 5
122.6 15 13 5
122.8 15 10 2
123 12 10 2
123.2 9 2 1
123.4 12 7 1
123.6 4 7 1
123.8 8 8 3
124 10 7 2
124.2 19 10 3
124.4 6 7 0
124.6 12 4 1
124.8 4 6 1
125 10 11 1
125.2 10 10 1
125.4 6 9 0
125.6 8 11 0
125.8 7 8 1
126 10 14 2
126.2 10 13 3
126.4 7 14 2
126.6 11 14 4
126.8 12 9 0
127 9 10 1
127.2 8 6 1
127.4 11 13 1
127.6 12 13 2
127.8 9 7 1
128 9 12 1
128.2 6 15 2
128.4 5 10 1
128.6 10 13 1
128.8 10 10 4
129 12 13 2
129.2 7 4 0
129.4 7 7 2
129.6 11 10 0
129.8 9 12 0
130 9 10 2
130.2 7 4 1
130.4 10 12 1
130.6 8 7 2
130.8 14 10 2
131 8 10 1
131.2 7 6 1
131.4 18 7 4
131.6 6 14 0
131.8 5 5 0
132 9 10 1
132.2 12 8 2
132.4 8 10 1
132.6 10 10 2
132.8 8 13 1
133 7 7 1
133.2 11 11 2
133.4 10 9 1
133.6 6 10 0
133.8 13 9 1
134 8 5 0
134.2 10 6 1
134.4 11 15 1
134.6 6 4 0
134.8 13 16 5
135 7 6 1
135.2 11 9 2
135.4 7 12 0
135.6 10 8 2
135.8 10 10 0
136 11 12 4
136.2 9 14 2
136.4 9 9 1
136.6 11 7 1
136.8 3 10 0
137 8 12 2
137.2 11 7 1
137.4 6 7 1
137.6 12 8 3
137.8 15 12 2
138 10 13 0
138.2 12 11 0
138.4 11 8 1
138.6 10 13 3
138.8 9 10 1
139 12 7 3
139.2 11 12 4
139.4 12 8 2
139.6 8 9 3
139.8 12 4 0
140 10 5 1
140.2 14 8 3
140.4 9 9 0
140.6 5 6 0
140.8 8 8 1
141 6 10 2
141.2 9 15 1
141.4 8 7 0
141.6 10 7 2
141.8 14 9 1
142 11 18 3
142.2 5 9 2
142.4 11 8 1
142.6 13 12 4
142.8 10 7 3
143 2 3 0
143.2 15 9 2
143.4 9 4 0
143.6 8 7 1
143.8 7 10 1
144 14 13 2
144.2 8 8 0
144.4 9 5 0
144.6 8 8 1
144.8 11 7 1
145 12 8 2
145.2 9 12 1
145.4 10 9 1
145.6 13 9 2
145.8 10 12 0
146 6 11 2
146.2 5 7 0
146.4 5 7 1
146.6 9 7 1
146.8 11 5 1
147 11 8 1
147.2 7 18 2
147.4 6 14 1
147.6 13 5 2
147.8 15 7 3
148 11 15 3
148.2 7 7 0
148.4 5 4 1
148.6 13 8 1
148.8 9 9 1
149 15 11 2
149.2 12 10 2
149.4 8 7 1
149.6 5 8 0
149.8 9 5 1
150 15 9 3
150.2 9 6 2
150.4 10 17 3
150.6 11 9 1
150.8 10 12 3
151 5 11 0
151.2 7 7 1
151.4 9 10 2
151.6 6 15 0
151.8 11 7 1
152 7 10 2
152.2 6 9 0
152.4 10 10 1
152.6 11 13 2
152.8 7 11 1
153 8 10 2
153.2 13 12 2
153.4 19 16 3
153.6 5 13 1
153.8 12 7 1
154 16 11 3
154.2 5 9 2
154.4 13 11 2
154.6 12 7 1
154.8 8 18 1
155 6 8 1
155.2 12 11 3
155.4 7 8 2
155.6 6 7 0
155.8 7 10 0
156 4 12 0
156.2 9 10 1
156.4 8 10 2
156.6 9 9 2
156.8 7 18 1
157 7 8 0
157.2 4 8 0
157.4 7 12 0
157.6 8 15 2
157.8 17 7 0
158 5 3 1
158.2 10 13 2
158.4 7 10 1
158.6 5 8 0
158.8 4 10 2
159 6 10 1
159.2 10 9 2
159.4 10 10 2
159.6 3 3 1
159.8 8 4 0
160 8 6 0
160.2 11 12 1
160.4 12 13 1
160.6 11 10 0
160.8 8 7 0
161 15 11 4
161.2 16 10 1
161.4 13 10 1
161.6 7 8 0
161.8 17 12 2
162 8 10 2
162.2 11 19 2
162.4 10 11 3
162.6 8 10 2
162.8 7 11 0
163 1 6 0
163.2 9 6 2
163.4 10 8 1
163.6 8 8 1
163.8 6 9 2
164 13 11 3
164.2 7 5 1
164.4 7 6 1
164.6 10 12 2
164.8 8 10 1
165 9 11 1
165.2 10 9 1
165.4 12 9 2
165.6 6 8 1
165.8 7 7 1
166 8 9 1
166.2 8 3 0
166.4 12 11 4
166.6 3 4 0
166.8 9 8 0
167 5 9 0
167.2 4 10 1
167.4 9 9 0
167.6 5 7 0
167.8 10 7 3
168 5 9 0
168.2 11 7 1
168.4 11 6 4
168.6 5 9 1
168.8 13 10 1
169 7 8 0
169.2 8 12 1
169.4 7 9 0
169.6 6 15 1
169.8 8 15 4
170 10 7 0
170.2 8 7 1
170.4 11 7 1
170.6 15 7 3
170.8 8 4 0
171 7 6 3
171.2 9 9 1
171.4 14 6 2
171.6 10 10 1
171.8 5 11 1
172 13 8 2
172.2 14 12 2
172.4 14 10 2
172.6 9 7 0
172.8 8 6 1
173 11 6 1
173.2 8 8 0
173.4 5 8 2
173.6 10 10 2
173.8 14 5 3
174 13 11 1
174.2 9 7 0
174.4 9 8 1
174.6 9 10 2
174.8 5 14 0
175 8 13 3
175.2 9 10 1
175.4 8 12 0
175.6 12 7 2
175.8 15 15 2
176 10 13 4
176.2 8 9 1
176.4 4 12 1
176.6 6 7 2
176.8 5 14 3
177 6 13 1
177.2 5 8 1
177.4 5 4 2
177.6 11 6 0
177.8 8 7 1
178 8 8 1
178.2 11 9 1
178.4 10 12 3
178.6 9 16 4
178.8 14 8 1
179 14 7 2
179.2 11 9 4
179.4 7 8 0
179.6 8 8 2
179.8 7 7 2
180 7 8 0
180.2 5 8 0
180.4 7 6 1
180.6 9 5 1
180.8 5 10 0
181 8 7 1
181.2 8 12 3
181.4 6 12 1
181.6 8 9 0
181.8 7 11 0
182 11 6 1
182.2 9 11 2
182.4 7 11 3
182.6 8 8 3
182.8 6 11 0
183 10 10 1
183.2 9 8 1
183.4 5 6 0
183.6 3 9 1
183.8 8 8 2
184 9 9 0
184.2 10 15 3
184.4 10 9 2
184.6 7 12 1
184.8 10 10 1
185 6 10 0
185.2 7 5 1
185.4 4 7 1
185.6 7 4 1
185.8 11 9 2
186 5 9 0
186.2 6 11 1
186.4 15 14 1
186.6 12 9 2
186.8 6 5 0
187 6 6 0
187.2 9 6 1
187.4 9 9 0
187.6 11 7 1
187.8 7 6 2
188 13 11 0
188.2 4 6 1
188.4 4 13 1
188.6 4 7 0
188.8 7 8 0
189 7 8 0
189.2 7 11 2
189.4 7 3 0
189.6 7 6 2
189.8 6 8 2
190 11 8 1
190.2 10 9 2
190.4 11 12 2
190.6 7 6 0
190.8 8 4 2
191 5 3 1
191.2 10 6 1
191.4 5 7 0
191.6 9 9 0
191.8 4 7 0
192 9 9 2
192.2 12 8 4
192.4 5 8 0
192.6 5 4 0
192.8 4 7 2
193 10 4 2
193.2 4 9 0
193.4 11 8 1
193.6 10 11 1
193.8 7 8 2
194 8 10 3
194.2 6 9 3
194.4 8 11 2
194.6 8 15 4
194.8 6 8 2
195 8 10 0
195.2 9 14 0
195.4 9 10 4
195.6 6 6 2
195.8 15 9 3
196 12 7 1
196.2 9 4 0
196.4 8 6 1
196.6 7 6 2
196.8 12 6 2
197 4 6 0
197.2 7 7 0
197.4 11 6 3
197.6 7 10 1
197.8 3 10 1
198 8 8 1
198.2 10 7 1
198.4 7 13 3
198.6 4 8 0
198.8 9 12 1
199 7 10 3
199.2 11 11 3
199.4 10 11 1
199.6 10 7 2
199.8 7 7 1
